This file contains any messages produced by compilers while
running configure, to aid debugging if configure makes a mistake.

It was created by zeromq configure 3.2.4, which was
generated by GNU Autoconf 2.68.  Invocation command line was

  $ ./configure 

## --------- ##
## Platform. ##
## --------- ##

hostname = VM-134-184-ubuntu
uname -m = x86_64
uname -r = 3.13.0-32-generic
uname -s = Linux
uname -v = #57~precise1-Ubuntu SMP Tue Jul 15 03:51:20 UTC 2014

/usr/bin/uname -p = unknown
/bin/uname -X     = unknown

/bin/arch              = unknown
/usr/bin/arch -k       = unknown
/usr/convex/getsysinfo = unknown
/usr/bin/hostinfo      = unknown
/bin/machine           = unknown
/usr/bin/oslevel       = unknown
/bin/universe          = unknown

PATH: /usr/local/bin
PATH: /usr/bin
PATH: /bin
PATH: /usr/local/games
PATH: /usr/games


## ----------- ##
## Core tests. ##
## ----------- ##

configure:2721: checking for a BSD-compatible install
configure:2789: result: /usr/bin/install -c
configure:2800: checking whether build environment is sane
configure:2850: result: yes
configure:2991: checking for a thread-safe mkdir -p
configure:3030: result: /bin/mkdir -p
configure:3043: checking for gawk
configure:3073: result: no
configure:3043: checking for mawk
configure:3059: found /usr/bin/mawk
configure:3070: result: mawk
configure:3081: checking whether make sets $(MAKE)
configure:3103: result: yes
configure:3178: checking how to create a ustar tar archive
configure:3191: tar --version
tar (GNU tar) 1.26
Copyright (C) 2011 Free Software Foundation, Inc.
License GPLv3+: GNU GPL version 3 or later <http://gnu.org/licenses/gpl.html>.
This is free software: you are free to change and redistribute it.
There is NO WARRANTY, to the extent permitted by law.

Written by John Gilmore and Jay Fenlason.
configure:3194: $? = 0
configure:3234: tardir=conftest.dir && eval tar --format=ustar -chf - "$tardir" >conftest.tar
configure:3237: $? = 0
configure:3241: tar -xf - <conftest.tar
configure:3244: $? = 0
configure:3257: result: gnutar
configure:3275: checking whether make supports nested variables
configure:3292: result: yes
configure:3378: checking for gcc
configure:3394: found /usr/bin/gcc
configure:3405: result: gcc
configure:3634: checking for C compiler version
configure:3643: gcc --version >&5
gcc (Ubuntu/Linaro 4.6.3-1ubuntu5) 4.6.3
Copyright (C) 2011 Free Software Foundation, Inc.
This is free software; see the source for copying conditions.  There is NO
warranty; not even for MERCHANTABILITY or FITNESS FOR A PARTICULAR PURPOSE.

configure:3654: $? = 0
configure:3643: gcc -v >&5
Using built-in specs.
COLLECT_GCC=gcc
COLLECT_LTO_WRAPPER=/usr/lib/gcc/x86_64-linux-gnu/4.6/lto-wrapper
Target: x86_64-linux-gnu
Configured with: ../src/configure -v --with-pkgversion='Ubuntu/Linaro 4.6.3-1ubuntu5' --with-bugurl=file:///usr/share/doc/gcc-4.6/README.Bugs --enable-languages=c,c++,fortran,objc,obj-c++ --prefix=/usr --program-suffix=-4.6 --enable-shared --enable-linker-build-id --with-system-zlib --libexecdir=/usr/lib --without-included-gettext --enable-threads=posix --with-gxx-include-dir=/usr/include/c++/4.6 --libdir=/usr/lib --enable-nls --with-sysroot=/ --enable-clocale=gnu --enable-libstdcxx-debug --enable-libstdcxx-time=yes --enable-gnu-unique-object --enable-plugin --enable-objc-gc --disable-werror --with-arch-32=i686 --with-tune=generic --enable-checking=release --build=x86_64-linux-gnu --host=x86_64-linux-gnu --target=x86_64-linux-gnu
Thread model: posix
gcc version 4.6.3 (Ubuntu/Linaro 4.6.3-1ubuntu5) 
configure:3654: $? = 0
configure:3643: gcc -V >&5
gcc: error: unrecognized option '-V'
gcc: fatal error: no input files
compilation terminated.
configure:3654: $? = 4
configure:3643: gcc -qversion >&5
gcc: error: unrecognized option '-qversion'
gcc: fatal error: no input files
compilation terminated.
configure:3654: $? = 4
configure:3674: checking whether the C compiler works
configure:3696: gcc    conftest.c  >&5
configure:3700: $? = 0
configure:3748: result: yes
configure:3751: checking for C compiler default output file name
configure:3753: result: a.out
configure:3759: checking for suffix of executables
configure:3766: gcc -o conftest    conftest.c  >&5
configure:3770: $? = 0
configure:3792: result: 
configure:3814: checking whether we are cross compiling
configure:3822: gcc -o conftest    conftest.c  >&5
configure:3826: $? = 0
configure:3833: ./conftest
configure:3837: $? = 0
configure:3852: result: no
configure:3857: checking for suffix of object files
configure:3879: gcc -c   conftest.c >&5
configure:3883: $? = 0
configure:3904: result: o
configure:3908: checking whether we are using the GNU C compiler
configure:3927: gcc -c   conftest.c >&5
configure:3927: $? = 0
configure:3936: result: yes
configure:3945: checking whether gcc accepts -g
configure:3965: gcc -c -g  conftest.c >&5
configure:3965: $? = 0
configure:4006: result: yes
configure:4023: checking for gcc option to accept ISO C89
configure:4087: gcc  -c -g -O2  conftest.c >&5
configure:4087: $? = 0
configure:4100: result: none needed
configure:4131: checking for style of include used by make
configure:4159: result: GNU
configure:4185: checking dependency style of gcc
configure:4296: result: gcc3
configure:4311: checking for gcc option to accept ISO C99
configure:4460: gcc  -c -g -O2  conftest.c >&5
conftest.c:61:29: error: expected ';', ',' or ')' before 'text'
conftest.c: In function 'main':
conftest.c:115:18: error: expected '=', ',', ';', 'asm' or '__attribute__' before 'newvar'
conftest.c:115:18: error: 'newvar' undeclared (first use in this function)
conftest.c:115:18: note: each undeclared identifier is reported only once for each function it appears in
conftest.c:125:3: error: 'for' loop initial declarations are only allowed in C99 mode
conftest.c:125:3: note: use option -std=c99 or -std=gnu99 to compile your code
configure:4460: $? = 1
configure: failed program was:
| /* confdefs.h */
| #define PACKAGE_NAME "zeromq"
| #define PACKAGE_TARNAME "zeromq"
| #define PACKAGE_VERSION "3.2.4"
| #define PACKAGE_STRING "zeromq 3.2.4"
| #define PACKAGE_BUGREPORT "zeromq-dev@lists.zeromq.org"
| #define PACKAGE_URL ""
| #define PACKAGE "zeromq"
| #define VERSION "3.2.4"
| /* end confdefs.h.  */
| #include <stdarg.h>
| #include <stdbool.h>
| #include <stdlib.h>
| #include <wchar.h>
| #include <stdio.h>
| 
| // Check varargs macros.  These examples are taken from C99 6.10.3.5.
| #define debug(...) fprintf (stderr, __VA_ARGS__)
| #define showlist(...) puts (#__VA_ARGS__)
| #define report(test,...) ((test) ? puts (#test) : printf (__VA_ARGS__))
| static void
| test_varargs_macros (void)
| {
|   int x = 1234;
|   int y = 5678;
|   debug ("Flag");
|   debug ("X = %d\n", x);
|   showlist (The first, second, and third items.);
|   report (x>y, "x is %d but y is %d", x, y);
| }
| 
| // Check long long types.
| #define BIG64 18446744073709551615ull
| #define BIG32 4294967295ul
| #define BIG_OK (BIG64 / BIG32 == 4294967297ull && BIG64 % BIG32 == 0)
| #if !BIG_OK
|   your preprocessor is broken;
| #endif
| #if BIG_OK
| #else
|   your preprocessor is broken;
| #endif
| static long long int bignum = -9223372036854775807LL;
| static unsigned long long int ubignum = BIG64;
| 
| struct incomplete_array
| {
|   int datasize;
|   double data[];
| };
| 
| struct named_init {
|   int number;
|   const wchar_t *name;
|   double average;
| };
| 
| typedef const char *ccp;
| 
| static inline int
| test_restrict (ccp restrict text)
| {
|   // See if C++-style comments work.
|   // Iterate through items via the restricted pointer.
|   // Also check for declarations in for loops.
|   for (unsigned int i = 0; *(text+i) != '\0'; ++i)
|     continue;
|   return 0;
| }
| 
| // Check varargs and va_copy.
| static void
| test_varargs (const char *format, ...)
| {
|   va_list args;
|   va_start (args, format);
|   va_list args_copy;
|   va_copy (args_copy, args);
| 
|   const char *str;
|   int number;
|   float fnumber;
| 
|   while (*format)
|     {
|       switch (*format++)
| 	{
| 	case 's': // string
| 	  str = va_arg (args_copy, const char *);
| 	  break;
| 	case 'd': // int
| 	  number = va_arg (args_copy, int);
| 	  break;
| 	case 'f': // float
| 	  fnumber = va_arg (args_copy, double);
| 	  break;
| 	default:
| 	  break;
| 	}
|     }
|   va_end (args_copy);
|   va_end (args);
| }
| 
| int
| main ()
| {
| 
|   // Check bool.
|   _Bool success = false;
| 
|   // Check restrict.
|   if (test_restrict ("String literal") == 0)
|     success = true;
|   char *restrict newvar = "Another string";
| 
|   // Check varargs.
|   test_varargs ("s, d' f .", "string", 65, 34.234);
|   test_varargs_macros ();
| 
|   // Check flexible array members.
|   struct incomplete_array *ia =
|     malloc (sizeof (struct incomplete_array) + (sizeof (double) * 10));
|   ia->datasize = 10;
|   for (int i = 0; i < ia->datasize; ++i)
|     ia->data[i] = i * 1.234;
| 
|   // Check named initializers.
|   struct named_init ni = {
|     .number = 34,
|     .name = L"Test wide string",
|     .average = 543.34343,
|   };
| 
|   ni.number = 58;
| 
|   int dynamic_array[ni.number];
|   dynamic_array[ni.number - 1] = 543;
| 
|   // work around unused variable warnings
|   return (!success || bignum == 0LL || ubignum == 0uLL || newvar[0] == 'x'
| 	  || dynamic_array[ni.number - 1] != 543);
| 
|   ;
|   return 0;
| }
configure:4460: gcc -std=gnu99 -c -g -O2  conftest.c >&5
configure:4460: $? = 0
configure:4480: result: -std=gnu99
configure:4546: checking for g++
configure:4562: found /usr/bin/g++
configure:4573: result: g++
configure:4600: checking for C++ compiler version
configure:4609: g++ --version >&5
g++ (Ubuntu/Linaro 4.6.3-1ubuntu5) 4.6.3
Copyright (C) 2011 Free Software Foundation, Inc.
This is free software; see the source for copying conditions.  There is NO
warranty; not even for MERCHANTABILITY or FITNESS FOR A PARTICULAR PURPOSE.

configure:4620: $? = 0
configure:4609: g++ -v >&5
Using built-in specs.
COLLECT_GCC=g++
COLLECT_LTO_WRAPPER=/usr/lib/gcc/x86_64-linux-gnu/4.6/lto-wrapper
Target: x86_64-linux-gnu
Configured with: ../src/configure -v --with-pkgversion='Ubuntu/Linaro 4.6.3-1ubuntu5' --with-bugurl=file:///usr/share/doc/gcc-4.6/README.Bugs --enable-languages=c,c++,fortran,objc,obj-c++ --prefix=/usr --program-suffix=-4.6 --enable-shared --enable-linker-build-id --with-system-zlib --libexecdir=/usr/lib --without-included-gettext --enable-threads=posix --with-gxx-include-dir=/usr/include/c++/4.6 --libdir=/usr/lib --enable-nls --with-sysroot=/ --enable-clocale=gnu --enable-libstdcxx-debug --enable-libstdcxx-time=yes --enable-gnu-unique-object --enable-plugin --enable-objc-gc --disable-werror --with-arch-32=i686 --with-tune=generic --enable-checking=release --build=x86_64-linux-gnu --host=x86_64-linux-gnu --target=x86_64-linux-gnu
Thread model: posix
gcc version 4.6.3 (Ubuntu/Linaro 4.6.3-1ubuntu5) 
configure:4620: $? = 0
configure:4609: g++ -V >&5
g++: error: unrecognized option '-V'
g++: fatal error: no input files
compilation terminated.
configure:4620: $? = 4
configure:4609: g++ -qversion >&5
g++: error: unrecognized option '-qversion'
g++: fatal error: no input files
compilation terminated.
configure:4620: $? = 4
configure:4624: checking whether we are using the GNU C++ compiler
configure:4643: g++ -c   conftest.cpp >&5
configure:4643: $? = 0
configure:4652: result: yes
configure:4661: checking whether g++ accepts -g
configure:4681: g++ -c -g  conftest.cpp >&5
configure:4681: $? = 0
configure:4722: result: yes
configure:4747: checking dependency style of g++
configure:4858: result: gcc3
configure:4874: checking whether gcc -std=gnu99 and cc understand -c and -o together
configure:4905: gcc -std=gnu99 -c conftest.c -o conftest2.o >&5
configure:4909: $? = 0
configure:4915: gcc -std=gnu99 -c conftest.c -o conftest2.o >&5
configure:4919: $? = 0
configure:4930: cc -c conftest.c >&5
configure:4934: $? = 0
configure:4942: cc -c conftest.c -o conftest2.o >&5
configure:4946: $? = 0
configure:4952: cc -c conftest.c -o conftest2.o >&5
configure:4956: $? = 0
configure:4974: result: yes
configure:4999: checking for a sed that does not truncate output
configure:5063: result: /bin/sed
configure:5072: checking for gawk
configure:5099: result: mawk
configure:5115: checking for xmlto
configure:5148: result: no
configure:5156: checking for asciidoc
configure:5189: result: no
configure:5198: checking build system type
configure:5212: result: x86_64-unknown-linux-gnu
configure:5232: checking host system type
configure:5245: result: x86_64-unknown-linux-gnu
configure:5686: checking how to print strings
configure:5713: result: printf
configure:5734: checking for a sed that does not truncate output
configure:5798: result: /bin/sed
configure:5816: checking for grep that handles long lines and -e
configure:5874: result: /bin/grep
configure:5879: checking for egrep
configure:5941: result: /bin/grep -E
configure:5946: checking for fgrep
configure:6008: result: /bin/grep -F
configure:6043: checking for ld used by gcc -std=gnu99
configure:6110: result: /usr/bin/ld
configure:6117: checking if the linker (/usr/bin/ld) is GNU ld
configure:6132: result: yes
configure:6144: checking for BSD- or MS-compatible name lister (nm)
configure:6193: result: /usr/bin/nm -B
configure:6323: checking the name lister (/usr/bin/nm -B) interface
configure:6330: gcc -std=gnu99 -c -g -O2  conftest.c >&5
configure:6333: /usr/bin/nm -B "conftest.o"
configure:6336: output
0000000000000000 B some_variable
configure:6343: result: BSD nm
configure:6346: checking whether ln -s works
configure:6350: result: yes
configure:6358: checking the maximum length of command line arguments
configure:6488: result: 1572864
configure:6505: checking whether the shell understands some XSI constructs
configure:6515: result: yes
configure:6519: checking whether the shell understands "+="
configure:6525: result: yes
configure:6560: checking how to convert x86_64-unknown-linux-gnu file names to x86_64-unknown-linux-gnu format
configure:6600: result: func_convert_file_noop
configure:6607: checking how to convert x86_64-unknown-linux-gnu file names to toolchain format
configure:6627: result: func_convert_file_noop
configure:6634: checking for /usr/bin/ld option to reload object files
configure:6641: result: -r
configure:6715: checking for objdump
configure:6742: result: objdump
configure:6771: checking how to recognize dependent libraries
configure:6973: result: pass_all
configure:7058: checking for dlltool
configure:7085: result: dlltool
configure:7115: checking how to associate runtime and link libraries
configure:7142: result: printf %s\n
configure:7203: checking for ar
configure:7219: found /usr/bin/ar
configure:7230: result: ar
configure:7267: checking for archiver @FILE support
configure:7284: gcc -std=gnu99 -c -g -O2  conftest.c >&5
configure:7284: $? = 0
configure:7287: ar cru libconftest.a @conftest.lst >&5
configure:7290: $? = 0
configure:7295: ar cru libconftest.a @conftest.lst >&5
ar: conftest.o: No such file or directory
configure:7298: $? = 1
configure:7310: result: @
configure:7368: checking for strip
configure:7384: found /usr/bin/strip
configure:7395: result: strip
configure:7467: checking for ranlib
configure:7483: found /usr/bin/ranlib
configure:7494: result: ranlib
configure:7596: checking command to parse /usr/bin/nm -B output from gcc -std=gnu99 object
configure:7716: gcc -std=gnu99 -c -g -O2  conftest.c >&5
configure:7719: $? = 0
configure:7723: /usr/bin/nm -B conftest.o \| sed -n -e 's/^.*[ ]\([ABCDGIRSTW][ABCDGIRSTW]*\)[ ][ ]*\([_A-Za-z][_A-Za-z0-9]*\)$/\1 \2 \2/p' | sed '/ __gnu_lto/d' \> conftest.nm
configure:7726: $? = 0
configure:7792: gcc -std=gnu99 -o conftest -g -O2   conftest.c conftstm.o >&5
configure:7795: $? = 0
configure:7833: result: ok
configure:7870: checking for sysroot
configure:7900: result: no
configure:7977: gcc -std=gnu99 -c -g -O2  conftest.c >&5
configure:7980: $? = 0
configure:8156: checking for mt
configure:8172: found /bin/mt
configure:8183: result: mt
configure:8206: checking if mt is a manifest tool
configure:8212: mt '-?'
configure:8220: result: no
configure:8862: checking how to run the C preprocessor
configure:8893: gcc -std=gnu99 -E  conftest.c
configure:8893: $? = 0
configure:8907: gcc -std=gnu99 -E  conftest.c
conftest.c:11:28: fatal error: ac_nonexistent.h: No such file or directory
compilation terminated.
configure:8907: $? = 1
configure: failed program was:
| /* confdefs.h */
| #define PACKAGE_NAME "zeromq"
| #define PACKAGE_TARNAME "zeromq"
| #define PACKAGE_VERSION "3.2.4"
| #define PACKAGE_STRING "zeromq 3.2.4"
| #define PACKAGE_BUGREPORT "zeromq-dev@lists.zeromq.org"
| #define PACKAGE_URL ""
| #define PACKAGE "zeromq"
| #define VERSION "3.2.4"
| /* end confdefs.h.  */
| #include <ac_nonexistent.h>
configure:8932: result: gcc -std=gnu99 -E
configure:8952: gcc -std=gnu99 -E  conftest.c
configure:8952: $? = 0
configure:8966: gcc -std=gnu99 -E  conftest.c
conftest.c:11:28: fatal error: ac_nonexistent.h: No such file or directory
compilation terminated.
configure:8966: $? = 1
configure: failed program was:
| /* confdefs.h */
| #define PACKAGE_NAME "zeromq"
| #define PACKAGE_TARNAME "zeromq"
| #define PACKAGE_VERSION "3.2.4"
| #define PACKAGE_STRING "zeromq 3.2.4"
| #define PACKAGE_BUGREPORT "zeromq-dev@lists.zeromq.org"
| #define PACKAGE_URL ""
| #define PACKAGE "zeromq"
| #define VERSION "3.2.4"
| /* end confdefs.h.  */
| #include <ac_nonexistent.h>
configure:8995: checking for ANSI C header files
configure:9015: gcc -std=gnu99 -c -g -O2  conftest.c >&5
configure:9015: $? = 0
configure:9088: gcc -std=gnu99 -o conftest -g -O2   conftest.c  >&5
configure:9088: $? = 0
configure:9088: ./conftest
configure:9088: $? = 0
configure:9099: result: yes
configure:9112: checking for sys/types.h
configure:9112: gcc -std=gnu99 -c -g -O2  conftest.c >&5
configure:9112: $? = 0
configure:9112: result: yes
configure:9112: checking for sys/stat.h
configure:9112: gcc -std=gnu99 -c -g -O2  conftest.c >&5
configure:9112: $? = 0
configure:9112: result: yes
configure:9112: checking for stdlib.h
configure:9112: gcc -std=gnu99 -c -g -O2  conftest.c >&5
configure:9112: $? = 0
configure:9112: result: yes
configure:9112: checking for string.h
configure:9112: gcc -std=gnu99 -c -g -O2  conftest.c >&5
configure:9112: $? = 0
configure:9112: result: yes
configure:9112: checking for memory.h
configure:9112: gcc -std=gnu99 -c -g -O2  conftest.c >&5
configure:9112: $? = 0
configure:9112: result: yes
configure:9112: checking for strings.h
configure:9112: gcc -std=gnu99 -c -g -O2  conftest.c >&5
configure:9112: $? = 0
configure:9112: result: yes
configure:9112: checking for inttypes.h
configure:9112: gcc -std=gnu99 -c -g -O2  conftest.c >&5
configure:9112: $? = 0
configure:9112: result: yes
configure:9112: checking for stdint.h
configure:9112: gcc -std=gnu99 -c -g -O2  conftest.c >&5
configure:9112: $? = 0
configure:9112: result: yes
configure:9112: checking for unistd.h
configure:9112: gcc -std=gnu99 -c -g -O2  conftest.c >&5
configure:9112: $? = 0
configure:9112: result: yes
configure:9126: checking for dlfcn.h
configure:9126: gcc -std=gnu99 -c -g -O2  conftest.c >&5
configure:9126: $? = 0
configure:9126: result: yes
configure:9311: checking for objdir
configure:9326: result: .libs
configure:9597: checking if gcc -std=gnu99 supports -fno-rtti -fno-exceptions
configure:9615: gcc -std=gnu99 -c -g -O2  -fno-rtti -fno-exceptions conftest.c >&5
cc1: warning: command line option '-fno-rtti' is valid for C++/ObjC++ but not for C [enabled by default]
configure:9619: $? = 0
configure:9632: result: no
configure:9959: checking for gcc -std=gnu99 option to produce PIC
configure:9966: result: -fPIC -DPIC
configure:9974: checking if gcc -std=gnu99 PIC flag -fPIC -DPIC works
configure:9992: gcc -std=gnu99 -c -g -O2  -fPIC -DPIC -DPIC conftest.c >&5
configure:9996: $? = 0
configure:10009: result: yes
configure:10038: checking if gcc -std=gnu99 static flag -static works
configure:10066: result: yes
configure:10081: checking if gcc -std=gnu99 supports -c -o file.o
configure:10102: gcc -std=gnu99 -c -g -O2  -o out/conftest2.o conftest.c >&5
configure:10106: $? = 0
configure:10128: result: yes
configure:10136: checking if gcc -std=gnu99 supports -c -o file.o
configure:10183: result: yes
configure:10216: checking whether the gcc -std=gnu99 linker (/usr/bin/ld -m elf_x86_64) supports shared libraries
configure:11373: result: yes
configure:11410: checking whether -lc should be explicitly linked in
configure:11418: gcc -std=gnu99 -c -g -O2  conftest.c >&5
configure:11421: $? = 0
configure:11436: gcc -std=gnu99 -shared  -fPIC -DPIC conftest.o  -v -Wl,-soname -Wl,conftest -o conftest 2\>\&1 \| /bin/grep  -lc  \>/dev/null 2\>\&1
configure:11439: $? = 0
configure:11453: result: no
configure:11613: checking dynamic linker characteristics
configure:12124: gcc -std=gnu99 -o conftest -g -O2   -Wl,-rpath -Wl,/foo conftest.c  >&5
configure:12124: $? = 0
configure:12358: result: GNU/Linux ld.so
configure:12465: checking how to hardcode library paths into programs
configure:12490: result: immediate
configure:13030: checking whether stripping libraries is possible
configure:13035: result: yes
configure:13070: checking if libtool supports shared libraries
configure:13072: result: yes
configure:13075: checking whether to build shared libraries
configure:13096: result: yes
configure:13099: checking whether to build static libraries
configure:13103: result: yes
configure:13126: checking how to run the C++ preprocessor
configure:13153: g++ -E  conftest.cpp
configure:13153: $? = 0
configure:13167: g++ -E  conftest.cpp
conftest.cpp:23:28: fatal error: ac_nonexistent.h: No such file or directory
compilation terminated.
configure:13167: $? = 1
configure: failed program was:
| /* confdefs.h */
| #define PACKAGE_NAME "zeromq"
| #define PACKAGE_TARNAME "zeromq"
| #define PACKAGE_VERSION "3.2.4"
| #define PACKAGE_STRING "zeromq 3.2.4"
| #define PACKAGE_BUGREPORT "zeromq-dev@lists.zeromq.org"
| #define PACKAGE_URL ""
| #define PACKAGE "zeromq"
| #define VERSION "3.2.4"
| #define STDC_HEADERS 1
| #define HAVE_SYS_TYPES_H 1
| #define HAVE_SYS_STAT_H 1
| #define HAVE_STDLIB_H 1
| #define HAVE_STRING_H 1
| #define HAVE_MEMORY_H 1
| #define HAVE_STRINGS_H 1
| #define HAVE_INTTYPES_H 1
| #define HAVE_STDINT_H 1
| #define HAVE_UNISTD_H 1
| #define HAVE_DLFCN_H 1
| #define LT_OBJDIR ".libs/"
| /* end confdefs.h.  */
| #include <ac_nonexistent.h>
configure:13192: result: g++ -E
configure:13212: g++ -E  conftest.cpp
configure:13212: $? = 0
configure:13226: g++ -E  conftest.cpp
conftest.cpp:23:28: fatal error: ac_nonexistent.h: No such file or directory
compilation terminated.
configure:13226: $? = 1
configure: failed program was:
| /* confdefs.h */
| #define PACKAGE_NAME "zeromq"
| #define PACKAGE_TARNAME "zeromq"
| #define PACKAGE_VERSION "3.2.4"
| #define PACKAGE_STRING "zeromq 3.2.4"
| #define PACKAGE_BUGREPORT "zeromq-dev@lists.zeromq.org"
| #define PACKAGE_URL ""
| #define PACKAGE "zeromq"
| #define VERSION "3.2.4"
| #define STDC_HEADERS 1
| #define HAVE_SYS_TYPES_H 1
| #define HAVE_SYS_STAT_H 1
| #define HAVE_STDLIB_H 1
| #define HAVE_STRING_H 1
| #define HAVE_MEMORY_H 1
| #define HAVE_STRINGS_H 1
| #define HAVE_INTTYPES_H 1
| #define HAVE_STDINT_H 1
| #define HAVE_UNISTD_H 1
| #define HAVE_DLFCN_H 1
| #define LT_OBJDIR ".libs/"
| /* end confdefs.h.  */
| #include <ac_nonexistent.h>
configure:13395: checking for ld used by g++
configure:13462: result: /usr/bin/ld -m elf_x86_64
configure:13469: checking if the linker (/usr/bin/ld -m elf_x86_64) is GNU ld
configure:13484: result: yes
configure:13539: checking whether the g++ linker (/usr/bin/ld -m elf_x86_64) supports shared libraries
configure:14544: result: yes
configure:14580: g++ -c -g -O2  conftest.cpp >&5
configure:14583: $? = 0
configure:15103: checking for g++ option to produce PIC
configure:15110: result: -fPIC -DPIC
configure:15118: checking if g++ PIC flag -fPIC -DPIC works
configure:15136: g++ -c -g -O2  -fPIC -DPIC -DPIC conftest.cpp >&5
configure:15140: $? = 0
configure:15153: result: yes
configure:15176: checking if g++ static flag -static works
configure:15204: result: yes
configure:15216: checking if g++ supports -c -o file.o
configure:15237: g++ -c -g -O2  -o out/conftest2.o conftest.cpp >&5
configure:15241: $? = 0
configure:15263: result: yes
configure:15268: checking if g++ supports -c -o file.o
configure:15315: result: yes
configure:15345: checking whether the g++ linker (/usr/bin/ld -m elf_x86_64) supports shared libraries
configure:15384: result: yes
configure:15525: checking dynamic linker characteristics
configure:16204: result: GNU/Linux ld.so
configure:16257: checking how to hardcode library paths into programs
configure:16282: result: immediate
configure:16355: checking whether the C compiler works
configure:16371: gcc -std=gnu99 -o conftest -g -O2   conftest.c  >&5
configure:16371: $? = 0
configure:16380: result: yes
configure:16388: checking whether we are using Intel C compiler
configure:16407: gcc -std=gnu99 -c -g -O2  conftest.c >&5
conftest.c: In function 'main':
conftest.c:28:8: error: 'error' undeclared (first use in this function)
conftest.c:28:8: note: each undeclared identifier is reported only once for each function it appears in
conftest.c:28:14: error: expected ';' before 'if'
configure:16407: $? = 1
configure: failed program was:
| /* confdefs.h */
| #define PACKAGE_NAME "zeromq"
| #define PACKAGE_TARNAME "zeromq"
| #define PACKAGE_VERSION "3.2.4"
| #define PACKAGE_STRING "zeromq 3.2.4"
| #define PACKAGE_BUGREPORT "zeromq-dev@lists.zeromq.org"
| #define PACKAGE_URL ""
| #define PACKAGE "zeromq"
| #define VERSION "3.2.4"
| #define STDC_HEADERS 1
| #define HAVE_SYS_TYPES_H 1
| #define HAVE_SYS_STAT_H 1
| #define HAVE_STDLIB_H 1
| #define HAVE_STRING_H 1
| #define HAVE_MEMORY_H 1
| #define HAVE_STRINGS_H 1
| #define HAVE_INTTYPES_H 1
| #define HAVE_STDINT_H 1
| #define HAVE_UNISTD_H 1
| #define HAVE_DLFCN_H 1
| #define LT_OBJDIR ".libs/"
| /* end confdefs.h.  */
| 
| int
| main ()
| {
| #ifndef __INTEL_COMPILER
|        error if not ICC
| #endif
| 
|   ;
|   return 0;
| }
configure:16415: result: no
configure:16417: checking whether we are using Sun Studio C compiler
configure:16436: gcc -std=gnu99 -c -g -O2  conftest.c >&5
conftest.c: In function 'main':
conftest.c:28:8: error: 'error' undeclared (first use in this function)
conftest.c:28:8: note: each undeclared identifier is reported only once for each function it appears in
conftest.c:28:14: error: expected ';' before 'if'
configure:16436: $? = 1
configure: failed program was:
| /* confdefs.h */
| #define PACKAGE_NAME "zeromq"
| #define PACKAGE_TARNAME "zeromq"
| #define PACKAGE_VERSION "3.2.4"
| #define PACKAGE_STRING "zeromq 3.2.4"
| #define PACKAGE_BUGREPORT "zeromq-dev@lists.zeromq.org"
| #define PACKAGE_URL ""
| #define PACKAGE "zeromq"
| #define VERSION "3.2.4"
| #define STDC_HEADERS 1
| #define HAVE_SYS_TYPES_H 1
| #define HAVE_SYS_STAT_H 1
| #define HAVE_STDLIB_H 1
| #define HAVE_STRING_H 1
| #define HAVE_MEMORY_H 1
| #define HAVE_STRINGS_H 1
| #define HAVE_INTTYPES_H 1
| #define HAVE_STDINT_H 1
| #define HAVE_UNISTD_H 1
| #define HAVE_DLFCN_H 1
| #define LT_OBJDIR ".libs/"
| /* end confdefs.h.  */
| 
| int
| main ()
| {
| #if !defined(__SUNPRO_CC) && !defined(__SUNPRO_C)
|        error if not sun studio
| #endif
| 
|   ;
|   return 0;
| }
configure:16444: result: no
configure:16446: checking whether we are using clang C compiler
configure:16465: gcc -std=gnu99 -c -g -O2  conftest.c >&5
conftest.c: In function 'main':
conftest.c:28:8: error: 'error' undeclared (first use in this function)
conftest.c:28:8: note: each undeclared identifier is reported only once for each function it appears in
conftest.c:28:14: error: expected ';' before 'if'
configure:16465: $? = 1
configure: failed program was:
| /* confdefs.h */
| #define PACKAGE_NAME "zeromq"
| #define PACKAGE_TARNAME "zeromq"
| #define PACKAGE_VERSION "3.2.4"
| #define PACKAGE_STRING "zeromq 3.2.4"
| #define PACKAGE_BUGREPORT "zeromq-dev@lists.zeromq.org"
| #define PACKAGE_URL ""
| #define PACKAGE "zeromq"
| #define VERSION "3.2.4"
| #define STDC_HEADERS 1
| #define HAVE_SYS_TYPES_H 1
| #define HAVE_SYS_STAT_H 1
| #define HAVE_STDLIB_H 1
| #define HAVE_STRING_H 1
| #define HAVE_MEMORY_H 1
| #define HAVE_STRINGS_H 1
| #define HAVE_INTTYPES_H 1
| #define HAVE_STDINT_H 1
| #define HAVE_UNISTD_H 1
| #define HAVE_DLFCN_H 1
| #define LT_OBJDIR ".libs/"
| /* end confdefs.h.  */
| 
| int
| main ()
| {
| #ifndef __clang__
|        error if not clang
| #endif
| 
|   ;
|   return 0;
| }
configure:16473: result: no
configure:16475: checking whether we are using gcc >= 4 C compiler
configure:16494: gcc -std=gnu99 -c -g -O2  conftest.c >&5
configure:16494: $? = 0
configure:16502: result: yes
configure:16519: checking whether the C++ compiler works
configure:16535: g++ -o conftest -g -O2   conftest.cpp  >&5
configure:16535: $? = 0
configure:16544: result: yes
configure:16552: checking whether we are using Intel C++ compiler
configure:16571: g++ -c -g -O2  conftest.cpp >&5
conftest.cpp: In function 'int main()':
conftest.cpp:28:8: error: 'error' was not declared in this scope
conftest.cpp:28:14: error: expected ';' before 'if'
configure:16571: $? = 1
configure: failed program was:
| /* confdefs.h */
| #define PACKAGE_NAME "zeromq"
| #define PACKAGE_TARNAME "zeromq"
| #define PACKAGE_VERSION "3.2.4"
| #define PACKAGE_STRING "zeromq 3.2.4"
| #define PACKAGE_BUGREPORT "zeromq-dev@lists.zeromq.org"
| #define PACKAGE_URL ""
| #define PACKAGE "zeromq"
| #define VERSION "3.2.4"
| #define STDC_HEADERS 1
| #define HAVE_SYS_TYPES_H 1
| #define HAVE_SYS_STAT_H 1
| #define HAVE_STDLIB_H 1
| #define HAVE_STRING_H 1
| #define HAVE_MEMORY_H 1
| #define HAVE_STRINGS_H 1
| #define HAVE_INTTYPES_H 1
| #define HAVE_STDINT_H 1
| #define HAVE_UNISTD_H 1
| #define HAVE_DLFCN_H 1
| #define LT_OBJDIR ".libs/"
| /* end confdefs.h.  */
| 
| int
| main ()
| {
| #ifndef __INTEL_COMPILER
|        error if not ICC
| #endif
| 
|   ;
|   return 0;
| }
configure:16579: result: no
configure:16581: checking whether we are using Sun Studio C++ compiler
configure:16600: g++ -c -g -O2  conftest.cpp >&5
conftest.cpp: In function 'int main()':
conftest.cpp:28:8: error: 'error' was not declared in this scope
conftest.cpp:28:14: error: expected ';' before 'if'
configure:16600: $? = 1
configure: failed program was:
| /* confdefs.h */
| #define PACKAGE_NAME "zeromq"
| #define PACKAGE_TARNAME "zeromq"
| #define PACKAGE_VERSION "3.2.4"
| #define PACKAGE_STRING "zeromq 3.2.4"
| #define PACKAGE_BUGREPORT "zeromq-dev@lists.zeromq.org"
| #define PACKAGE_URL ""
| #define PACKAGE "zeromq"
| #define VERSION "3.2.4"
| #define STDC_HEADERS 1
| #define HAVE_SYS_TYPES_H 1
| #define HAVE_SYS_STAT_H 1
| #define HAVE_STDLIB_H 1
| #define HAVE_STRING_H 1
| #define HAVE_MEMORY_H 1
| #define HAVE_STRINGS_H 1
| #define HAVE_INTTYPES_H 1
| #define HAVE_STDINT_H 1
| #define HAVE_UNISTD_H 1
| #define HAVE_DLFCN_H 1
| #define LT_OBJDIR ".libs/"
| /* end confdefs.h.  */
| 
| int
| main ()
| {
| #if !defined(__SUNPRO_CC) && !defined(__SUNPRO_C)
|        error if not sun studio
| #endif
| 
|   ;
|   return 0;
| }
configure:16608: result: no
configure:16610: checking whether we are using clang C++ compiler
configure:16629: g++ -c -g -O2  conftest.cpp >&5
conftest.cpp: In function 'int main()':
conftest.cpp:28:8: error: 'error' was not declared in this scope
conftest.cpp:28:14: error: expected ';' before 'if'
configure:16629: $? = 1
configure: failed program was:
| /* confdefs.h */
| #define PACKAGE_NAME "zeromq"
| #define PACKAGE_TARNAME "zeromq"
| #define PACKAGE_VERSION "3.2.4"
| #define PACKAGE_STRING "zeromq 3.2.4"
| #define PACKAGE_BUGREPORT "zeromq-dev@lists.zeromq.org"
| #define PACKAGE_URL ""
| #define PACKAGE "zeromq"
| #define VERSION "3.2.4"
| #define STDC_HEADERS 1
| #define HAVE_SYS_TYPES_H 1
| #define HAVE_SYS_STAT_H 1
| #define HAVE_STDLIB_H 1
| #define HAVE_STRING_H 1
| #define HAVE_MEMORY_H 1
| #define HAVE_STRINGS_H 1
| #define HAVE_INTTYPES_H 1
| #define HAVE_STDINT_H 1
| #define HAVE_UNISTD_H 1
| #define HAVE_DLFCN_H 1
| #define LT_OBJDIR ".libs/"
| /* end confdefs.h.  */
| 
| int
| main ()
| {
| #ifndef __clang__
|        error if not clang
| #endif
| 
|   ;
|   return 0;
| }
configure:16637: result: no
configure:16639: checking whether we are using gcc >= 4 C++ compiler
configure:16658: g++ -c -g -O2  conftest.cpp >&5
configure:16658: $? = 0
configure:16666: result: yes
configure:16700: checking whether to enable debugging information
configure:16738: result: no
configure:16755: checking whether to enable code coverage
configure:16786: result: no
configure:16792: checking for pthread_create in -lpthread
configure:16817: gcc -std=gnu99 -o conftest -g -O2   conftest.c -lpthread   >&5
configure:16817: $? = 0
configure:16826: result: yes
configure:16837: checking for clock_gettime in -lrt
configure:16862: gcc -std=gnu99 -o conftest -g -O2   conftest.c -lrt  -lpthread  >&5
configure:16862: $? = 0
configure:16871: result: yes
configure:17674: checking whether C++ compiler supports -fvisibility=hidden
configure:17706: g++ -c -g -O2 -D_GNU_SOURCE -D_REENTRANT -D_THREAD_SAFE  -fvisibility=hidden conftest.cpp >&5
configure:17706: $? = 0
configure:17737: result: yes
configure:17823: checking whether C++ compiler supports dso visibility
configure:17827: result: yes
configure:17971: checking for asciidoc
configure:17999: result: no
configure:18009: checking for xmlto
configure:18037: result: no
configure:18063: checking whether to build documentation
configure:18065: result: no
configure:18068: checking whether to install manpages
configure:18070: result: yes
configure:18102: checking for suitable polling system
configure:18138: gcc -std=gnu99 -o conftest -g -O2 -D_GNU_SOURCE -D_REENTRANT -D_THREAD_SAFE   conftest.c -lrt -lpthread  >&5
conftest.c:28:23: fatal error: sys/event.h: No such file or directory
compilation terminated.
configure:18138: $? = 1
configure: failed program was:
| /* confdefs.h */
| #define PACKAGE_NAME "zeromq"
| #define PACKAGE_TARNAME "zeromq"
| #define PACKAGE_VERSION "3.2.4"
| #define PACKAGE_STRING "zeromq 3.2.4"
| #define PACKAGE_BUGREPORT "zeromq-dev@lists.zeromq.org"
| #define PACKAGE_URL ""
| #define PACKAGE "zeromq"
| #define VERSION "3.2.4"
| #define STDC_HEADERS 1
| #define HAVE_SYS_TYPES_H 1
| #define HAVE_SYS_STAT_H 1
| #define HAVE_STDLIB_H 1
| #define HAVE_STRING_H 1
| #define HAVE_MEMORY_H 1
| #define HAVE_STRINGS_H 1
| #define HAVE_INTTYPES_H 1
| #define HAVE_STDINT_H 1
| #define HAVE_UNISTD_H 1
| #define HAVE_DLFCN_H 1
| #define LT_OBJDIR ".libs/"
| #define HAVE_LIBPTHREAD 1
| #define HAVE_LIBRT 1
| #define ZMQ_HAVE_LINUX 1
| /* end confdefs.h.  */
| 
| #include <sys/types.h>
| #include <sys/event.h>
| #include <sys/time.h>
| 
| int
| main ()
| {
| 
| struct kevent t_kev;
| kqueue();
| 
| 
|   ;
|   return 0;
| }
configure:18198: gcc -std=gnu99 -o conftest -g -O2 -D_GNU_SOURCE -D_REENTRANT -D_THREAD_SAFE   conftest.c -lrt -lpthread  >&5
configure:18198: $? = 0
configure:18198: ./conftest
configure:18198: $? = 0
configure:18323: result: using epoll
configure:18332: checking for ANSI C header files
configure:18436: result: yes
configure:18448: checking errno.h usability
configure:18448: gcc -std=gnu99 -c -g -O2 -D_GNU_SOURCE -D_REENTRANT -D_THREAD_SAFE  -DZMQ_FORCE_EPOLL conftest.c >&5
configure:18448: $? = 0
configure:18448: result: yes
configure:18448: checking errno.h presence
configure:18448: gcc -std=gnu99 -E -D_GNU_SOURCE -D_REENTRANT -D_THREAD_SAFE  -DZMQ_FORCE_EPOLL conftest.c
configure:18448: $? = 0
configure:18448: result: yes
configure:18448: checking for errno.h
configure:18448: result: yes
configure:18448: checking arpa/inet.h usability
configure:18448: gcc -std=gnu99 -c -g -O2 -D_GNU_SOURCE -D_REENTRANT -D_THREAD_SAFE  -DZMQ_FORCE_EPOLL conftest.c >&5
configure:18448: $? = 0
configure:18448: result: yes
configure:18448: checking arpa/inet.h presence
configure:18448: gcc -std=gnu99 -E -D_GNU_SOURCE -D_REENTRANT -D_THREAD_SAFE  -DZMQ_FORCE_EPOLL conftest.c
configure:18448: $? = 0
configure:18448: result: yes
configure:18448: checking for arpa/inet.h
configure:18448: result: yes
configure:18448: checking netinet/tcp.h usability
configure:18448: gcc -std=gnu99 -c -g -O2 -D_GNU_SOURCE -D_REENTRANT -D_THREAD_SAFE  -DZMQ_FORCE_EPOLL conftest.c >&5
configure:18448: $? = 0
configure:18448: result: yes
configure:18448: checking netinet/tcp.h presence
configure:18448: gcc -std=gnu99 -E -D_GNU_SOURCE -D_REENTRANT -D_THREAD_SAFE  -DZMQ_FORCE_EPOLL conftest.c
configure:18448: $? = 0
configure:18448: result: yes
configure:18448: checking for netinet/tcp.h
configure:18448: result: yes
configure:18448: checking netinet/in.h usability
configure:18448: gcc -std=gnu99 -c -g -O2 -D_GNU_SOURCE -D_REENTRANT -D_THREAD_SAFE  -DZMQ_FORCE_EPOLL conftest.c >&5
configure:18448: $? = 0
configure:18448: result: yes
configure:18448: checking netinet/in.h presence
configure:18448: gcc -std=gnu99 -E -D_GNU_SOURCE -D_REENTRANT -D_THREAD_SAFE  -DZMQ_FORCE_EPOLL conftest.c
configure:18448: $? = 0
configure:18448: result: yes
configure:18448: checking for netinet/in.h
configure:18448: result: yes
configure:18448: checking stddef.h usability
configure:18448: gcc -std=gnu99 -c -g -O2 -D_GNU_SOURCE -D_REENTRANT -D_THREAD_SAFE  -DZMQ_FORCE_EPOLL conftest.c >&5
configure:18448: $? = 0
configure:18448: result: yes
configure:18448: checking stddef.h presence
configure:18448: gcc -std=gnu99 -E -D_GNU_SOURCE -D_REENTRANT -D_THREAD_SAFE  -DZMQ_FORCE_EPOLL conftest.c
configure:18448: $? = 0
configure:18448: result: yes
configure:18448: checking for stddef.h
configure:18448: result: yes
configure:18448: checking for stdlib.h
configure:18448: result: yes
configure:18448: checking for string.h
configure:18448: result: yes
configure:18448: checking sys/socket.h usability
configure:18448: gcc -std=gnu99 -c -g -O2 -D_GNU_SOURCE -D_REENTRANT -D_THREAD_SAFE  -DZMQ_FORCE_EPOLL conftest.c >&5
configure:18448: $? = 0
configure:18448: result: yes
configure:18448: checking sys/socket.h presence
configure:18448: gcc -std=gnu99 -E -D_GNU_SOURCE -D_REENTRANT -D_THREAD_SAFE  -DZMQ_FORCE_EPOLL conftest.c
configure:18448: $? = 0
configure:18448: result: yes
configure:18448: checking for sys/socket.h
configure:18448: result: yes
configure:18448: checking sys/time.h usability
configure:18448: gcc -std=gnu99 -c -g -O2 -D_GNU_SOURCE -D_REENTRANT -D_THREAD_SAFE  -DZMQ_FORCE_EPOLL conftest.c >&5
configure:18448: $? = 0
configure:18448: result: yes
configure:18448: checking sys/time.h presence
configure:18448: gcc -std=gnu99 -E -D_GNU_SOURCE -D_REENTRANT -D_THREAD_SAFE  -DZMQ_FORCE_EPOLL conftest.c
configure:18448: $? = 0
configure:18448: result: yes
configure:18448: checking for sys/time.h
configure:18448: result: yes
configure:18448: checking time.h usability
configure:18448: gcc -std=gnu99 -c -g -O2 -D_GNU_SOURCE -D_REENTRANT -D_THREAD_SAFE  -DZMQ_FORCE_EPOLL conftest.c >&5
configure:18448: $? = 0
configure:18448: result: yes
configure:18448: checking time.h presence
configure:18448: gcc -std=gnu99 -E -D_GNU_SOURCE -D_REENTRANT -D_THREAD_SAFE  -DZMQ_FORCE_EPOLL conftest.c
configure:18448: $? = 0
configure:18448: result: yes
configure:18448: checking for time.h
configure:18448: result: yes
configure:18448: checking for unistd.h
configure:18448: result: yes
configure:18448: checking limits.h usability
configure:18448: gcc -std=gnu99 -c -g -O2 -D_GNU_SOURCE -D_REENTRANT -D_THREAD_SAFE  -DZMQ_FORCE_EPOLL conftest.c >&5
configure:18448: $? = 0
configure:18448: result: yes
configure:18448: checking limits.h presence
configure:18448: gcc -std=gnu99 -E -D_GNU_SOURCE -D_REENTRANT -D_THREAD_SAFE  -DZMQ_FORCE_EPOLL conftest.c
configure:18448: $? = 0
configure:18448: result: yes
configure:18448: checking for limits.h
configure:18448: result: yes
configure:18462: checking ifaddrs.h usability
configure:18462: gcc -std=gnu99 -c -g -O2 -D_GNU_SOURCE -D_REENTRANT -D_THREAD_SAFE  -DZMQ_FORCE_EPOLL conftest.c >&5
configure:18462: $? = 0
configure:18462: result: yes
configure:18462: checking ifaddrs.h presence
configure:18462: gcc -std=gnu99 -E -D_GNU_SOURCE -D_REENTRANT -D_THREAD_SAFE  -DZMQ_FORCE_EPOLL conftest.c
configure:18462: $? = 0
configure:18462: result: yes
configure:18462: checking for ifaddrs.h
configure:18462: result: yes
configure:18478: checking sys/uio.h usability
configure:18478: gcc -std=gnu99 -c -g -O2 -D_GNU_SOURCE -D_REENTRANT -D_THREAD_SAFE  -DZMQ_FORCE_EPOLL conftest.c >&5
configure:18478: $? = 0
configure:18478: result: yes
configure:18478: checking sys/uio.h presence
configure:18478: gcc -std=gnu99 -E -D_GNU_SOURCE -D_REENTRANT -D_THREAD_SAFE  -DZMQ_FORCE_EPOLL conftest.c
configure:18478: $? = 0
configure:18478: result: yes
configure:18478: checking for sys/uio.h
configure:18478: result: yes
configure:18504: checking sys/eventfd.h usability
configure:18504: gcc -std=gnu99 -c -g -O2 -D_GNU_SOURCE -D_REENTRANT -D_THREAD_SAFE  -DZMQ_FORCE_EPOLL conftest.c >&5
configure:18504: $? = 0
configure:18504: result: yes
configure:18504: checking sys/eventfd.h presence
configure:18504: gcc -std=gnu99 -E -D_GNU_SOURCE -D_REENTRANT -D_THREAD_SAFE  -DZMQ_FORCE_EPOLL conftest.c
configure:18504: $? = 0
configure:18504: result: yes
configure:18504: checking for sys/eventfd.h
configure:18504: result: yes
configure:18526: checking for stdbool.h that conforms to C99
configure:18593: g++ -c -g -O2 -D_GNU_SOURCE -D_REENTRANT -D_THREAD_SAFE  -DZMQ_FORCE_EPOLL conftest.cpp >&5
configure:18593: $? = 0
configure:18600: result: yes
configure:18602: checking for _Bool
configure:18602: g++ -c -g -O2 -D_GNU_SOURCE -D_REENTRANT -D_THREAD_SAFE  -DZMQ_FORCE_EPOLL conftest.cpp >&5
conftest.cpp: In function 'int main()':
conftest.cpp:81:13: error: '_Bool' was not declared in this scope
configure:18602: $? = 1
configure: failed program was:
| /* confdefs.h */
| #define PACKAGE_NAME "zeromq"
| #define PACKAGE_TARNAME "zeromq"
| #define PACKAGE_VERSION "3.2.4"
| #define PACKAGE_STRING "zeromq 3.2.4"
| #define PACKAGE_BUGREPORT "zeromq-dev@lists.zeromq.org"
| #define PACKAGE_URL ""
| #define PACKAGE "zeromq"
| #define VERSION "3.2.4"
| #define STDC_HEADERS 1
| #define HAVE_SYS_TYPES_H 1
| #define HAVE_SYS_STAT_H 1
| #define HAVE_STDLIB_H 1
| #define HAVE_STRING_H 1
| #define HAVE_MEMORY_H 1
| #define HAVE_STRINGS_H 1
| #define HAVE_INTTYPES_H 1
| #define HAVE_STDINT_H 1
| #define HAVE_UNISTD_H 1
| #define HAVE_DLFCN_H 1
| #define LT_OBJDIR ".libs/"
| #define HAVE_LIBPTHREAD 1
| #define HAVE_LIBRT 1
| #define ZMQ_HAVE_LINUX 1
| #define STDC_HEADERS 1
| #define HAVE_ERRNO_H 1
| #define HAVE_ARPA_INET_H 1
| #define HAVE_NETINET_TCP_H 1
| #define HAVE_NETINET_IN_H 1
| #define HAVE_STDDEF_H 1
| #define HAVE_STDLIB_H 1
| #define HAVE_STRING_H 1
| #define HAVE_SYS_SOCKET_H 1
| #define HAVE_SYS_TIME_H 1
| #define HAVE_TIME_H 1
| #define HAVE_UNISTD_H 1
| #define HAVE_LIMITS_H 1
| #define HAVE_IFADDRS_H 1
| #define ZMQ_HAVE_IFADDRS 1
| #define HAVE_SYS_UIO_H 1
| #define ZMQ_HAVE_UIO 1
| #define HAVE_SYS_EVENTFD_H 1
| #define ZMQ_HAVE_EVENTFD 1
| /* end confdefs.h.  */
| #include <stdio.h>
| #ifdef HAVE_SYS_TYPES_H
| # include <sys/types.h>
| #endif
| #ifdef HAVE_SYS_STAT_H
| # include <sys/stat.h>
| #endif
| #ifdef STDC_HEADERS
| # include <stdlib.h>
| # include <stddef.h>
| #else
| # ifdef HAVE_STDLIB_H
| #  include <stdlib.h>
| # endif
| #endif
| #ifdef HAVE_STRING_H
| # if !defined STDC_HEADERS && defined HAVE_MEMORY_H
| #  include <memory.h>
| # endif
| # include <string.h>
| #endif
| #ifdef HAVE_STRINGS_H
| # include <strings.h>
| #endif
| #ifdef HAVE_INTTYPES_H
| # include <inttypes.h>
| #endif
| #ifdef HAVE_STDINT_H
| # include <stdint.h>
| #endif
| #ifdef HAVE_UNISTD_H
| # include <unistd.h>
| #endif
| int
| main ()
| {
| if (sizeof (_Bool))
| 	 return 0;
|   ;
|   return 0;
| }
configure:18602: result: no
configure:18618: checking for an ANSI C-conforming const
configure:18683: g++ -c -g -O2 -D_GNU_SOURCE -D_REENTRANT -D_THREAD_SAFE  -DZMQ_FORCE_EPOLL conftest.cpp >&5
configure:18683: $? = 0
configure:18690: result: yes
configure:18698: checking for inline
configure:18714: g++ -c -g -O2 -D_GNU_SOURCE -D_REENTRANT -D_THREAD_SAFE  -DZMQ_FORCE_EPOLL conftest.cpp >&5
configure:18714: $? = 0
configure:18722: result: inline
configure:18789: checking for size_t
configure:18789: g++ -c -g -O2 -D_GNU_SOURCE -D_REENTRANT -D_THREAD_SAFE  -DZMQ_FORCE_EPOLL conftest.cpp >&5
configure:18789: $? = 0
configure:18789: g++ -c -g -O2 -D_GNU_SOURCE -D_REENTRANT -D_THREAD_SAFE  -DZMQ_FORCE_EPOLL conftest.cpp >&5
conftest.cpp: In function 'int main()':
conftest.cpp:82:20: error: expected primary-expression before ')' token
configure:18789: $? = 1
configure: failed program was:
| /* confdefs.h */
| #define PACKAGE_NAME "zeromq"
| #define PACKAGE_TARNAME "zeromq"
| #define PACKAGE_VERSION "3.2.4"
| #define PACKAGE_STRING "zeromq 3.2.4"
| #define PACKAGE_BUGREPORT "zeromq-dev@lists.zeromq.org"
| #define PACKAGE_URL ""
| #define PACKAGE "zeromq"
| #define VERSION "3.2.4"
| #define STDC_HEADERS 1
| #define HAVE_SYS_TYPES_H 1
| #define HAVE_SYS_STAT_H 1
| #define HAVE_STDLIB_H 1
| #define HAVE_STRING_H 1
| #define HAVE_MEMORY_H 1
| #define HAVE_STRINGS_H 1
| #define HAVE_INTTYPES_H 1
| #define HAVE_STDINT_H 1
| #define HAVE_UNISTD_H 1
| #define HAVE_DLFCN_H 1
| #define LT_OBJDIR ".libs/"
| #define HAVE_LIBPTHREAD 1
| #define HAVE_LIBRT 1
| #define ZMQ_HAVE_LINUX 1
| #define STDC_HEADERS 1
| #define HAVE_ERRNO_H 1
| #define HAVE_ARPA_INET_H 1
| #define HAVE_NETINET_TCP_H 1
| #define HAVE_NETINET_IN_H 1
| #define HAVE_STDDEF_H 1
| #define HAVE_STDLIB_H 1
| #define HAVE_STRING_H 1
| #define HAVE_SYS_SOCKET_H 1
| #define HAVE_SYS_TIME_H 1
| #define HAVE_TIME_H 1
| #define HAVE_UNISTD_H 1
| #define HAVE_LIMITS_H 1
| #define HAVE_IFADDRS_H 1
| #define ZMQ_HAVE_IFADDRS 1
| #define HAVE_SYS_UIO_H 1
| #define ZMQ_HAVE_UIO 1
| #define HAVE_SYS_EVENTFD_H 1
| #define ZMQ_HAVE_EVENTFD 1
| #define HAVE_STDBOOL_H 1
| /* end confdefs.h.  */
| #include <stdio.h>
| #ifdef HAVE_SYS_TYPES_H
| # include <sys/types.h>
| #endif
| #ifdef HAVE_SYS_STAT_H
| # include <sys/stat.h>
| #endif
| #ifdef STDC_HEADERS
| # include <stdlib.h>
| # include <stddef.h>
| #else
| # ifdef HAVE_STDLIB_H
| #  include <stdlib.h>
| # endif
| #endif
| #ifdef HAVE_STRING_H
| # if !defined STDC_HEADERS && defined HAVE_MEMORY_H
| #  include <memory.h>
| # endif
| # include <string.h>
| #endif
| #ifdef HAVE_STRINGS_H
| # include <strings.h>
| #endif
| #ifdef HAVE_INTTYPES_H
| # include <inttypes.h>
| #endif
| #ifdef HAVE_STDINT_H
| # include <stdint.h>
| #endif
| #ifdef HAVE_UNISTD_H
| # include <unistd.h>
| #endif
| int
| main ()
| {
| if (sizeof ((size_t)))
| 	    return 0;
|   ;
|   return 0;
| }
configure:18789: result: yes
configure:18800: checking for ssize_t
configure:18800: g++ -c -g -O2 -D_GNU_SOURCE -D_REENTRANT -D_THREAD_SAFE  -DZMQ_FORCE_EPOLL conftest.cpp >&5
configure:18800: $? = 0
configure:18800: g++ -c -g -O2 -D_GNU_SOURCE -D_REENTRANT -D_THREAD_SAFE  -DZMQ_FORCE_EPOLL conftest.cpp >&5
conftest.cpp: In function 'int main()':
conftest.cpp:82:21: error: expected primary-expression before ')' token
configure:18800: $? = 1
configure: failed program was:
| /* confdefs.h */
| #define PACKAGE_NAME "zeromq"
| #define PACKAGE_TARNAME "zeromq"
| #define PACKAGE_VERSION "3.2.4"
| #define PACKAGE_STRING "zeromq 3.2.4"
| #define PACKAGE_BUGREPORT "zeromq-dev@lists.zeromq.org"
| #define PACKAGE_URL ""
| #define PACKAGE "zeromq"
| #define VERSION "3.2.4"
| #define STDC_HEADERS 1
| #define HAVE_SYS_TYPES_H 1
| #define HAVE_SYS_STAT_H 1
| #define HAVE_STDLIB_H 1
| #define HAVE_STRING_H 1
| #define HAVE_MEMORY_H 1
| #define HAVE_STRINGS_H 1
| #define HAVE_INTTYPES_H 1
| #define HAVE_STDINT_H 1
| #define HAVE_UNISTD_H 1
| #define HAVE_DLFCN_H 1
| #define LT_OBJDIR ".libs/"
| #define HAVE_LIBPTHREAD 1
| #define HAVE_LIBRT 1
| #define ZMQ_HAVE_LINUX 1
| #define STDC_HEADERS 1
| #define HAVE_ERRNO_H 1
| #define HAVE_ARPA_INET_H 1
| #define HAVE_NETINET_TCP_H 1
| #define HAVE_NETINET_IN_H 1
| #define HAVE_STDDEF_H 1
| #define HAVE_STDLIB_H 1
| #define HAVE_STRING_H 1
| #define HAVE_SYS_SOCKET_H 1
| #define HAVE_SYS_TIME_H 1
| #define HAVE_TIME_H 1
| #define HAVE_UNISTD_H 1
| #define HAVE_LIMITS_H 1
| #define HAVE_IFADDRS_H 1
| #define ZMQ_HAVE_IFADDRS 1
| #define HAVE_SYS_UIO_H 1
| #define ZMQ_HAVE_UIO 1
| #define HAVE_SYS_EVENTFD_H 1
| #define ZMQ_HAVE_EVENTFD 1
| #define HAVE_STDBOOL_H 1
| /* end confdefs.h.  */
| #include <stdio.h>
| #ifdef HAVE_SYS_TYPES_H
| # include <sys/types.h>
| #endif
| #ifdef HAVE_SYS_STAT_H
| # include <sys/stat.h>
| #endif
| #ifdef STDC_HEADERS
| # include <stdlib.h>
| # include <stddef.h>
| #else
| # ifdef HAVE_STDLIB_H
| #  include <stdlib.h>
| # endif
| #endif
| #ifdef HAVE_STRING_H
| # if !defined STDC_HEADERS && defined HAVE_MEMORY_H
| #  include <memory.h>
| # endif
| # include <string.h>
| #endif
| #ifdef HAVE_STRINGS_H
| # include <strings.h>
| #endif
| #ifdef HAVE_INTTYPES_H
| # include <inttypes.h>
| #endif
| #ifdef HAVE_STDINT_H
| # include <stdint.h>
| #endif
| #ifdef HAVE_UNISTD_H
| # include <unistd.h>
| #endif
| int
| main ()
| {
| if (sizeof ((ssize_t)))
| 	    return 0;
|   ;
|   return 0;
| }
configure:18800: result: yes
configure:18812: checking whether time.h and sys/time.h may both be included
configure:18832: g++ -c -g -O2 -D_GNU_SOURCE -D_REENTRANT -D_THREAD_SAFE  -DZMQ_FORCE_EPOLL conftest.cpp >&5
configure:18832: $? = 0
configure:18839: result: yes
configure:18847: checking for uint32_t
configure:18847: g++ -c -g -O2 -D_GNU_SOURCE -D_REENTRANT -D_THREAD_SAFE  -DZMQ_FORCE_EPOLL conftest.cpp >&5
configure:18847: $? = 0
configure:18847: result: yes
configure:18861: checking for working volatile
configure:18880: g++ -c -g -O2 -D_GNU_SOURCE -D_REENTRANT -D_THREAD_SAFE  -DZMQ_FORCE_EPOLL conftest.cpp >&5
configure:18880: $? = 0
configure:18887: result: yes
configure:19174: checking how to enable additional warnings for C++ compiler
configure:19209: result: -Wall
configure:19221: checking how to turn warnings to errors in C++ compiler
configure:19252: result: -Werror
configure:19265: checking how to enable strict standards compliance in C++ compiler
configure:19300: result: -pedantic
configure:19343: checking return type of signal handlers
configure:19361: g++ -c -g -O2 -pedantic -Werror -Wall -D_GNU_SOURCE -D_REENTRANT -D_THREAD_SAFE  -DZMQ_FORCE_EPOLL conftest.cpp >&5
conftest.cpp: In function 'int main()':
conftest.cpp:53:27: error: void value not ignored as it ought to be
configure:19361: $? = 1
configure: failed program was:
| /* confdefs.h */
| #define PACKAGE_NAME "zeromq"
| #define PACKAGE_TARNAME "zeromq"
| #define PACKAGE_VERSION "3.2.4"
| #define PACKAGE_STRING "zeromq 3.2.4"
| #define PACKAGE_BUGREPORT "zeromq-dev@lists.zeromq.org"
| #define PACKAGE_URL ""
| #define PACKAGE "zeromq"
| #define VERSION "3.2.4"
| #define STDC_HEADERS 1
| #define HAVE_SYS_TYPES_H 1
| #define HAVE_SYS_STAT_H 1
| #define HAVE_STDLIB_H 1
| #define HAVE_STRING_H 1
| #define HAVE_MEMORY_H 1
| #define HAVE_STRINGS_H 1
| #define HAVE_INTTYPES_H 1
| #define HAVE_STDINT_H 1
| #define HAVE_UNISTD_H 1
| #define HAVE_DLFCN_H 1
| #define LT_OBJDIR ".libs/"
| #define HAVE_LIBPTHREAD 1
| #define HAVE_LIBRT 1
| #define ZMQ_HAVE_LINUX 1
| #define STDC_HEADERS 1
| #define HAVE_ERRNO_H 1
| #define HAVE_ARPA_INET_H 1
| #define HAVE_NETINET_TCP_H 1
| #define HAVE_NETINET_IN_H 1
| #define HAVE_STDDEF_H 1
| #define HAVE_STDLIB_H 1
| #define HAVE_STRING_H 1
| #define HAVE_SYS_SOCKET_H 1
| #define HAVE_SYS_TIME_H 1
| #define HAVE_TIME_H 1
| #define HAVE_UNISTD_H 1
| #define HAVE_LIMITS_H 1
| #define HAVE_IFADDRS_H 1
| #define ZMQ_HAVE_IFADDRS 1
| #define HAVE_SYS_UIO_H 1
| #define ZMQ_HAVE_UIO 1
| #define HAVE_SYS_EVENTFD_H 1
| #define ZMQ_HAVE_EVENTFD 1
| #define HAVE_STDBOOL_H 1
| #define TIME_WITH_SYS_TIME 1
| /* end confdefs.h.  */
| #include <sys/types.h>
| #include <signal.h>
| 
| int
| main ()
| {
| return *(signal (0, 0)) (0) == 1;
|   ;
|   return 0;
| }
configure:19368: result: void
configure:19379: checking for perror
configure:19379: g++ -o conftest -g -O2 -pedantic -Werror -Wall -D_GNU_SOURCE -D_REENTRANT -D_THREAD_SAFE  -DZMQ_FORCE_EPOLL  conftest.cpp -lrt -lpthread  >&5
configure:19379: $? = 0
configure:19379: result: yes
configure:19379: checking for gettimeofday
configure:19379: g++ -o conftest -g -O2 -pedantic -Werror -Wall -D_GNU_SOURCE -D_REENTRANT -D_THREAD_SAFE  -DZMQ_FORCE_EPOLL  conftest.cpp -lrt -lpthread  >&5
configure:19379: $? = 0
configure:19379: result: yes
configure:19379: checking for clock_gettime
configure:19379: g++ -o conftest -g -O2 -pedantic -Werror -Wall -D_GNU_SOURCE -D_REENTRANT -D_THREAD_SAFE  -DZMQ_FORCE_EPOLL  conftest.cpp -lrt -lpthread  >&5
configure:19379: $? = 0
configure:19379: result: yes
configure:19379: checking for memset
configure:19379: g++ -o conftest -g -O2 -pedantic -Werror -Wall -D_GNU_SOURCE -D_REENTRANT -D_THREAD_SAFE  -DZMQ_FORCE_EPOLL  conftest.cpp -lrt -lpthread  >&5
configure:19379: $? = 0
configure:19379: result: yes
configure:19379: checking for socket
configure:19379: g++ -o conftest -g -O2 -pedantic -Werror -Wall -D_GNU_SOURCE -D_REENTRANT -D_THREAD_SAFE  -DZMQ_FORCE_EPOLL  conftest.cpp -lrt -lpthread  >&5
configure:19379: $? = 0
configure:19379: result: yes
configure:19379: checking for getifaddrs
configure:19379: g++ -o conftest -g -O2 -pedantic -Werror -Wall -D_GNU_SOURCE -D_REENTRANT -D_THREAD_SAFE  -DZMQ_FORCE_EPOLL  conftest.cpp -lrt -lpthread  >&5
configure:19379: $? = 0
configure:19379: result: yes
configure:19379: checking for freeifaddrs
configure:19379: g++ -o conftest -g -O2 -pedantic -Werror -Wall -D_GNU_SOURCE -D_REENTRANT -D_THREAD_SAFE  -DZMQ_FORCE_EPOLL  conftest.cpp -lrt -lpthread  >&5
configure:19379: $? = 0
configure:19379: result: yes
configure:19391: checking alloca.h usability
configure:19391: g++ -c -g -O2 -pedantic -Werror -Wall -D_GNU_SOURCE -D_REENTRANT -D_THREAD_SAFE  -DZMQ_FORCE_EPOLL conftest.cpp >&5
configure:19391: $? = 0
configure:19391: result: yes
configure:19391: checking alloca.h presence
configure:19391: g++ -E -pedantic -Werror -Wall -D_GNU_SOURCE -D_REENTRANT -D_THREAD_SAFE  -DZMQ_FORCE_EPOLL conftest.cpp
configure:19391: $? = 0
configure:19391: result: yes
configure:19391: checking for alloca.h
configure:19391: result: yes
configure:19402: checking whether SOCK_CLOEXEC is supported
configure:19422: g++ -o conftest -g -O2 -pedantic -Werror -Wall -D_GNU_SOURCE -D_REENTRANT -D_THREAD_SAFE  -DZMQ_FORCE_EPOLL  conftest.cpp -lrt -lpthread  >&5
configure:19422: $? = 0
configure:19422: ./conftest
configure:19422: $? = 0
configure:19423: result: yes
configure:19440: checking whether SO_KEEPALIVE is supported
configure:19463: g++ -o conftest -g -O2 -pedantic -Werror -Wall -D_GNU_SOURCE -D_REENTRANT -D_THREAD_SAFE  -DZMQ_FORCE_EPOLL  conftest.cpp -lrt -lpthread  >&5
configure:19463: $? = 0
configure:19463: ./conftest
configure:19463: $? = 0
configure:19464: result: yes
configure:19479: checking whether TCP_KEEPCNT is supported
configure:19505: g++ -o conftest -g -O2 -pedantic -Werror -Wall -D_GNU_SOURCE -D_REENTRANT -D_THREAD_SAFE  -DZMQ_FORCE_EPOLL  conftest.cpp -lrt -lpthread  >&5
configure:19505: $? = 0
configure:19505: ./conftest
configure:19505: $? = 0
configure:19506: result: yes
configure:19521: checking whether TCP_KEEPIDLE is supported
configure:19547: g++ -o conftest -g -O2 -pedantic -Werror -Wall -D_GNU_SOURCE -D_REENTRANT -D_THREAD_SAFE  -DZMQ_FORCE_EPOLL  conftest.cpp -lrt -lpthread  >&5
configure:19547: $? = 0
configure:19547: ./conftest
configure:19547: $? = 0
configure:19548: result: yes
configure:19563: checking whether TCP_KEEPINTVL is supported
configure:19589: g++ -o conftest -g -O2 -pedantic -Werror -Wall -D_GNU_SOURCE -D_REENTRANT -D_THREAD_SAFE  -DZMQ_FORCE_EPOLL  conftest.cpp -lrt -lpthread  >&5
configure:19589: $? = 0
configure:19589: ./conftest
configure:19589: $? = 0
configure:19590: result: yes
configure:19605: checking whether TCP_KEEPALIVE is supported
configure:19631: g++ -o conftest -g -O2 -pedantic -Werror -Wall -D_GNU_SOURCE -D_REENTRANT -D_THREAD_SAFE  -DZMQ_FORCE_EPOLL  conftest.cpp -lrt -lpthread  >&5
conftest.cpp: In function 'int main(int, char**)':
conftest.cpp:73:44: error: 'TCP_KEEPALIVE' was not declared in this scope
configure:19631: $? = 1
configure: program exited with status 1
configure: failed program was:
| /* confdefs.h */
| #define PACKAGE_NAME "zeromq"
| #define PACKAGE_TARNAME "zeromq"
| #define PACKAGE_VERSION "3.2.4"
| #define PACKAGE_STRING "zeromq 3.2.4"
| #define PACKAGE_BUGREPORT "zeromq-dev@lists.zeromq.org"
| #define PACKAGE_URL ""
| #define PACKAGE "zeromq"
| #define VERSION "3.2.4"
| #define STDC_HEADERS 1
| #define HAVE_SYS_TYPES_H 1
| #define HAVE_SYS_STAT_H 1
| #define HAVE_STDLIB_H 1
| #define HAVE_STRING_H 1
| #define HAVE_MEMORY_H 1
| #define HAVE_STRINGS_H 1
| #define HAVE_INTTYPES_H 1
| #define HAVE_STDINT_H 1
| #define HAVE_UNISTD_H 1
| #define HAVE_DLFCN_H 1
| #define LT_OBJDIR ".libs/"
| #define HAVE_LIBPTHREAD 1
| #define HAVE_LIBRT 1
| #define ZMQ_HAVE_LINUX 1
| #define STDC_HEADERS 1
| #define HAVE_ERRNO_H 1
| #define HAVE_ARPA_INET_H 1
| #define HAVE_NETINET_TCP_H 1
| #define HAVE_NETINET_IN_H 1
| #define HAVE_STDDEF_H 1
| #define HAVE_STDLIB_H 1
| #define HAVE_STRING_H 1
| #define HAVE_SYS_SOCKET_H 1
| #define HAVE_SYS_TIME_H 1
| #define HAVE_TIME_H 1
| #define HAVE_UNISTD_H 1
| #define HAVE_LIMITS_H 1
| #define HAVE_IFADDRS_H 1
| #define ZMQ_HAVE_IFADDRS 1
| #define HAVE_SYS_UIO_H 1
| #define ZMQ_HAVE_UIO 1
| #define HAVE_SYS_EVENTFD_H 1
| #define ZMQ_HAVE_EVENTFD 1
| #define HAVE_STDBOOL_H 1
| #define TIME_WITH_SYS_TIME 1
| #define RETSIGTYPE void
| #define HAVE_PERROR 1
| #define HAVE_GETTIMEOFDAY 1
| #define HAVE_CLOCK_GETTIME 1
| #define HAVE_MEMSET 1
| #define HAVE_SOCKET 1
| #define HAVE_GETIFADDRS 1
| #define HAVE_FREEIFADDRS 1
| #define HAVE_ALLOCA_H 1
| #define ZMQ_HAVE_SOCK_CLOEXEC 1
| #define ZMQ_HAVE_SO_KEEPALIVE 1
| #define ZMQ_HAVE_TCP_KEEPCNT 1
| #define ZMQ_HAVE_TCP_KEEPIDLE 1
| #define ZMQ_HAVE_TCP_KEEPINTVL 1
| /* end confdefs.h.  */
| /* TCP_KEEPALIVE test */
| #include <sys/types.h>
| #include <sys/socket.h>
| #include <netinet/in.h>
| #include <netinet/tcp.h>
| 
| int main (int argc, char *argv [])
| {
|     int s, rc, opt = 1;
|     return (
|         ((s = socket (PF_INET, SOCK_STREAM, 0)) == -1) ||
|         ((rc = setsockopt (s, SOL_SOCKET, SO_KEEPALIVE, (char*) &opt, sizeof (int))) == -1) ||
|         ((rc = setsockopt (s, IPPROTO_TCP, TCP_KEEPALIVE, (char*) &opt, sizeof (int))) == -1)
|     );
| }
| 
configure:19638: result: no
configure:19808: creating ./config.status

## ---------------------- ##
## Running config.status. ##
## ---------------------- ##

This file was extended by zeromq config.status 3.2.4, which was
generated by GNU Autoconf 2.68.  Invocation command line was

  CONFIG_FILES    = 
  CONFIG_HEADERS  = 
  CONFIG_LINKS    = 
  CONFIG_COMMANDS = 
  $ ./config.status 

on VM-134-184-ubuntu

config.status:1225: creating Makefile
config.status:1225: creating src/Makefile
config.status:1225: creating doc/Makefile
config.status:1225: creating perf/Makefile
config.status:1225: creating src/libzmq.pc
config.status:1225: creating builds/msvc/Makefile
config.status:1225: creating tests/Makefile
config.status:1225: creating foreign/openpgm/Makefile
config.status:1225: creating builds/redhat/zeromq.spec
config.status:1225: creating src/platform.hpp
config.status:1454: executing depfiles commands
config.status:1454: executing libtool commands

## ---------------- ##
## Cache variables. ##
## ---------------- ##

ac_cv_build=x86_64-unknown-linux-gnu
ac_cv_c_compiler_gnu=yes
ac_cv_c_const=yes
ac_cv_c_inline=inline
ac_cv_c_uint32_t=yes
ac_cv_c_volatile=yes
ac_cv_cxx_compiler_gnu=yes
ac_cv_env_ASCIIDOC_set=
ac_cv_env_ASCIIDOC_value=
ac_cv_env_CCC_set=
ac_cv_env_CCC_value=
ac_cv_env_CC_set=
ac_cv_env_CC_value=
ac_cv_env_CFLAGS_set=
ac_cv_env_CFLAGS_value=
ac_cv_env_CPPFLAGS_set=
ac_cv_env_CPPFLAGS_value=
ac_cv_env_CPP_set=
ac_cv_env_CPP_value=
ac_cv_env_CXXCPP_set=
ac_cv_env_CXXCPP_value=
ac_cv_env_CXXFLAGS_set=
ac_cv_env_CXXFLAGS_value=
ac_cv_env_CXX_set=
ac_cv_env_CXX_value=
ac_cv_env_LDFLAGS_set=
ac_cv_env_LDFLAGS_value=
ac_cv_env_LIBS_set=
ac_cv_env_LIBS_value=
ac_cv_env_XMLTO_set=
ac_cv_env_XMLTO_value=
ac_cv_env_build_alias_set=
ac_cv_env_build_alias_value=
ac_cv_env_host_alias_set=
ac_cv_env_host_alias_value=
ac_cv_env_target_alias_set=
ac_cv_env_target_alias_value=
ac_cv_func_clock_gettime=yes
ac_cv_func_freeifaddrs=yes
ac_cv_func_getifaddrs=yes
ac_cv_func_gettimeofday=yes
ac_cv_func_memset=yes
ac_cv_func_perror=yes
ac_cv_func_socket=yes
ac_cv_header_alloca_h=yes
ac_cv_header_arpa_inet_h=yes
ac_cv_header_dlfcn_h=yes
ac_cv_header_errno_h=yes
ac_cv_header_ifaddrs_h=yes
ac_cv_header_inttypes_h=yes
ac_cv_header_limits_h=yes
ac_cv_header_memory_h=yes
ac_cv_header_netinet_in_h=yes
ac_cv_header_netinet_tcp_h=yes
ac_cv_header_stdbool_h=yes
ac_cv_header_stdc=yes
ac_cv_header_stddef_h=yes
ac_cv_header_stdint_h=yes
ac_cv_header_stdlib_h=yes
ac_cv_header_string_h=yes
ac_cv_header_strings_h=yes
ac_cv_header_sys_eventfd_h=yes
ac_cv_header_sys_socket_h=yes
ac_cv_header_sys_stat_h=yes
ac_cv_header_sys_time_h=yes
ac_cv_header_sys_types_h=yes
ac_cv_header_sys_uio_h=yes
ac_cv_header_time=yes
ac_cv_header_time_h=yes
ac_cv_header_unistd_h=yes
ac_cv_host=x86_64-unknown-linux-gnu
ac_cv_lib_pthread_pthread_create=yes
ac_cv_lib_rt_clock_gettime=yes
ac_cv_objext=o
ac_cv_path_EGREP='/bin/grep -E'
ac_cv_path_FGREP='/bin/grep -F'
ac_cv_path_GREP=/bin/grep
ac_cv_path_SED=/bin/sed
ac_cv_path_install='/usr/bin/install -c'
ac_cv_path_mkdir=/bin/mkdir
ac_cv_prog_AWK=mawk
ac_cv_prog_CPP='gcc -std=gnu99 -E'
ac_cv_prog_CXXCPP='g++ -E'
ac_cv_prog_ac_ct_AR=ar
ac_cv_prog_ac_ct_CC=gcc
ac_cv_prog_ac_ct_CXX=g++
ac_cv_prog_ac_ct_DLLTOOL=dlltool
ac_cv_prog_ac_ct_MANIFEST_TOOL=mt
ac_cv_prog_ac_ct_OBJDUMP=objdump
ac_cv_prog_ac_ct_RANLIB=ranlib
ac_cv_prog_ac_ct_STRIP=strip
ac_cv_prog_cc_c89=
ac_cv_prog_cc_c99=-std=gnu99
ac_cv_prog_cc_g=yes
ac_cv_prog_cc_gcc_c_o=yes
ac_cv_prog_cxx_g=yes
ac_cv_prog_libzmq_have_asciidoc=no
ac_cv_prog_libzmq_have_xmlto=no
ac_cv_prog_make_make_set=yes
ac_cv_type__Bool=no
ac_cv_type_signal=void
ac_cv_type_size_t=yes
ac_cv_type_ssize_t=yes
am_cv_CC_dependencies_compiler_type=gcc3
am_cv_CXX_dependencies_compiler_type=gcc3
am_cv_make_support_nested_variables=yes
am_cv_prog_tar_ustar=gnutar
libzmq_cv_c_clang_compiler=no
libzmq_cv_c_compiler_works=yes
libzmq_cv_c_gcc4_compiler=yes
libzmq_cv_c_intel_compiler=no
libzmq_cv_c_sun_studio_compiler=no
libzmq_cv_check_lang_flag_save_CPPFLAGS='-D_GNU_SOURCE -D_REENTRANT -D_THREAD_SAFE '
libzmq_cv_cxx_clang_compiler=no
libzmq_cv_cxx_compiler_works=yes
libzmq_cv_cxx_gcc4_compiler=yes
libzmq_cv_cxx_intel_compiler=no
libzmq_cv_cxx_strict_flag=-pedantic
libzmq_cv_cxx_sun_studio_compiler=no
libzmq_cv_cxx_supports_flag__fvisibility_hidden=yes
libzmq_cv_cxx_visibility_flag=-fvisibility=hidden
libzmq_cv_cxx_wall_flag=-Wall
libzmq_cv_cxx_werror_flag=-Werror
libzmq_cv_cxx_werror_flag_save=
libzmq_cv_have_poller_epoll=yes
libzmq_cv_have_poller_kqueue=no
libzmq_cv_poller=epoll
libzmq_cv_poller_flag=ZMQ_FORCE_EPOLL
libzmq_cv_so_keepalive=yes
libzmq_cv_sock_cloexec=yes
libzmq_cv_tcp_keepalive=no
libzmq_cv_tcp_keepcnt=yes
libzmq_cv_tcp_keepidle=yes
libzmq_cv_tcp_keepintvl=yes
lt_cv_ar_at_file=@
lt_cv_archive_cmds_need_lc=no
lt_cv_deplibs_check_method=pass_all
lt_cv_file_magic_cmd='$MAGIC_CMD'
lt_cv_file_magic_test_file=
lt_cv_ld_reload_flag=-r
lt_cv_nm_interface='BSD nm'
lt_cv_objdir=.libs
lt_cv_path_LD=/usr/bin/ld
lt_cv_path_LDCXX='/usr/bin/ld -m elf_x86_64'
lt_cv_path_NM='/usr/bin/nm -B'
lt_cv_path_mainfest_tool=no
lt_cv_prog_compiler_c_o=yes
lt_cv_prog_compiler_c_o_CXX=yes
lt_cv_prog_compiler_pic='-fPIC -DPIC'
lt_cv_prog_compiler_pic_CXX='-fPIC -DPIC'
lt_cv_prog_compiler_pic_works=yes
lt_cv_prog_compiler_pic_works_CXX=yes
lt_cv_prog_compiler_rtti_exceptions=no
lt_cv_prog_compiler_static_works=yes
lt_cv_prog_compiler_static_works_CXX=yes
lt_cv_prog_gnu_ld=yes
lt_cv_prog_gnu_ldcxx=yes
lt_cv_sharedlib_from_linklib_cmd='printf %s\n'
lt_cv_shlibpath_overrides_runpath=no
lt_cv_sys_global_symbol_pipe='sed -n -e '\''s/^.*[	 ]\([ABCDGIRSTW][ABCDGIRSTW]*\)[	 ][	 ]*\([_A-Za-z][_A-Za-z0-9]*\)$/\1 \2 \2/p'\'' | sed '\''/ __gnu_lto/d'\'''
lt_cv_sys_global_symbol_to_c_name_address='sed -n -e '\''s/^: \([^ ]*\)[ ]*$/  {\"\1\", (void *) 0},/p'\'' -e '\''s/^[ABCDGIRSTW]* \([^ ]*\) \([^ ]*\)$/  {"\2", (void *) \&\2},/p'\'''
lt_cv_sys_global_symbol_to_c_name_address_lib_prefix='sed -n -e '\''s/^: \([^ ]*\)[ ]*$/  {\"\1\", (void *) 0},/p'\'' -e '\''s/^[ABCDGIRSTW]* \([^ ]*\) \(lib[^ ]*\)$/  {"\2", (void *) \&\2},/p'\'' -e '\''s/^[ABCDGIRSTW]* \([^ ]*\) \([^ ]*\)$/  {"lib\2", (void *) \&\2},/p'\'''
lt_cv_sys_global_symbol_to_cdecl='sed -n -e '\''s/^T .* \(.*\)$/extern int \1();/p'\'' -e '\''s/^[ABCDGIRSTW]* .* \(.*\)$/extern char \1;/p'\'''
lt_cv_sys_max_cmd_len=1572864
lt_cv_to_host_file_cmd=func_convert_file_noop
lt_cv_to_tool_file_cmd=func_convert_file_noop

## ----------------- ##
## Output variables. ##
## ----------------- ##

ACLOCAL='${SHELL} /home/seanpeng/github/playground/dep/zeromq/config/missing --run aclocal-1.11'
AMDEPBACKSLASH='\'
AMDEP_FALSE='#'
AMDEP_TRUE=''
AMTAR='$${TAR-tar}'
AM_BACKSLASH='\'
AM_DEFAULT_V='$(AM_DEFAULT_VERBOSITY)'
AM_DEFAULT_VERBOSITY='0'
AM_V='$(V)'
AR='ar'
AS='as'
ASCIIDOC=''
AUTOCONF='${SHELL} /home/seanpeng/github/playground/dep/zeromq/config/missing --run autoconf'
AUTOHEADER='${SHELL} /home/seanpeng/github/playground/dep/zeromq/config/missing --run autoheader'
AUTOMAKE='${SHELL} /home/seanpeng/github/playground/dep/zeromq/config/missing --run automake-1.11'
AWK='mawk'
BUILD_DOC_FALSE=''
BUILD_DOC_TRUE='#'
BUILD_PGM_FALSE=''
BUILD_PGM_TRUE='#'
CC='gcc -std=gnu99'
CCDEPMODE='depmode=gcc3'
CFLAGS='-g -O2'
CPP='gcc -std=gnu99 -E'
CPPFLAGS='-pedantic -Werror -Wall -D_GNU_SOURCE -D_REENTRANT -D_THREAD_SAFE  -DZMQ_FORCE_EPOLL'
CXX='g++'
CXXCPP='g++ -E'
CXXDEPMODE='depmode=gcc3'
CXXFLAGS='-g -O2'
CYGPATH_W='echo'
DEFS='-DHAVE_CONFIG_H'
DEPDIR='.deps'
DLLTOOL='dlltool'
DSYMUTIL=''
DUMPBIN=''
ECHO_C=''
ECHO_N='-n'
ECHO_T=''
EGREP='/bin/grep -E'
EXEEXT=''
FGREP='/bin/grep -F'
GREP='/bin/grep'
INSTALL_DATA='${INSTALL} -m 644'
INSTALL_MAN_FALSE='#'
INSTALL_MAN_TRUE=''
INSTALL_PROGRAM='${INSTALL}'
INSTALL_SCRIPT='${INSTALL}'
INSTALL_STRIP_PROGRAM='$(install_sh) -c -s'
LD='/usr/bin/ld -m elf_x86_64'
LDFLAGS=''
LIBOBJS=''
LIBS='-lrt -lpthread '
LIBTOOL='$(SHELL) $(top_builddir)/libtool'
LIBZMQ_EXTRA_CFLAGS=''
LIBZMQ_EXTRA_CXXFLAGS='-fvisibility=hidden '
LIBZMQ_EXTRA_LDFLAGS=''
LIPO=''
LN_S='ln -s'
LTLIBOBJS=''
LTVER='3:0:0'
MAKEINFO='${SHELL} /home/seanpeng/github/playground/dep/zeromq/config/missing --run makeinfo'
MANIFEST_TOOL=':'
MKDIR_P='/bin/mkdir -p'
NM='/usr/bin/nm -B'
NMEDIT=''
OBJDUMP='objdump'
OBJEXT='o'
ON_ANDROID_FALSE=''
ON_ANDROID_TRUE='#'
ON_MINGW_FALSE=''
ON_MINGW_TRUE='#'
OTOOL64=''
OTOOL=''
PACKAGE='zeromq'
PACKAGE_BUGREPORT='zeromq-dev@lists.zeromq.org'
PACKAGE_NAME='zeromq'
PACKAGE_STRING='zeromq 3.2.4'
PACKAGE_TARNAME='zeromq'
PACKAGE_URL=''
PACKAGE_VERSION='3.2.4'
PATH_SEPARATOR=':'
RANLIB='ranlib'
SED='/bin/sed'
SET_MAKE=''
SHELL='/bin/sh'
STRIP='strip'
VERSION='3.2.4'
XMLTO=''
ac_ct_AR='ar'
ac_ct_CC='gcc'
ac_ct_CXX='g++'
ac_ct_DUMPBIN=''
am__EXEEXT_FALSE=''
am__EXEEXT_TRUE='#'
am__fastdepCC_FALSE='#'
am__fastdepCC_TRUE=''
am__fastdepCXX_FALSE='#'
am__fastdepCXX_TRUE=''
am__include='include'
am__isrc=''
am__leading_dot='.'
am__nodep='_no'
am__quote=''
am__tar='tar --format=ustar -chf - "$$tardir"'
am__untar='tar -xf -'
bindir='${exec_prefix}/bin'
build='x86_64-unknown-linux-gnu'
build_alias=''
build_cpu='x86_64'
build_os='linux-gnu'
build_vendor='unknown'
datadir='${datarootdir}'
datarootdir='${prefix}/share'
docdir='${datarootdir}/doc/${PACKAGE_TARNAME}'
dvidir='${docdir}'
exec_prefix='${prefix}'
host='x86_64-unknown-linux-gnu'
host_alias=''
host_cpu='x86_64'
host_os='linux-gnu'
host_vendor='unknown'
htmldir='${docdir}'
includedir='${prefix}/include'
infodir='${datarootdir}/info'
install_sh='${SHELL} /home/seanpeng/github/playground/dep/zeromq/config/install-sh'
libdir='${exec_prefix}/lib'
libexecdir='${exec_prefix}/libexec'
libzmq_have_asciidoc='no'
libzmq_have_xmlto='no'
localedir='${datarootdir}/locale'
localstatedir='${prefix}/var'
mandir='${datarootdir}/man'
mkdir_p='/bin/mkdir -p'
oldincludedir='/usr/include'
pdfdir='${docdir}'
pgm_basename='libpgm-5.1.118~dfsg'
pgm_srcdir=''
pgm_subdir=''
prefix='/usr/local'
program_transform_name='s,x,x,'
psdir='${docdir}'
sbindir='${exec_prefix}/sbin'
sharedstatedir='${prefix}/com'
subdirs=''
sysconfdir='${prefix}/etc'
target_alias=''

## ----------- ##
## confdefs.h. ##
## ----------- ##

/* confdefs.h */
#define PACKAGE_NAME "zeromq"
#define PACKAGE_TARNAME "zeromq"
#define PACKAGE_VERSION "3.2.4"
#define PACKAGE_STRING "zeromq 3.2.4"
#define PACKAGE_BUGREPORT "zeromq-dev@lists.zeromq.org"
#define PACKAGE_URL ""
#define PACKAGE "zeromq"
#define VERSION "3.2.4"
#define STDC_HEADERS 1
#define HAVE_SYS_TYPES_H 1
#define HAVE_SYS_STAT_H 1
#define HAVE_STDLIB_H 1
#define HAVE_STRING_H 1
#define HAVE_MEMORY_H 1
#define HAVE_STRINGS_H 1
#define HAVE_INTTYPES_H 1
#define HAVE_STDINT_H 1
#define HAVE_UNISTD_H 1
#define HAVE_DLFCN_H 1
#define LT_OBJDIR ".libs/"
#define HAVE_LIBPTHREAD 1
#define HAVE_LIBRT 1
#define ZMQ_HAVE_LINUX 1
#define STDC_HEADERS 1
#define HAVE_ERRNO_H 1
#define HAVE_ARPA_INET_H 1
#define HAVE_NETINET_TCP_H 1
#define HAVE_NETINET_IN_H 1
#define HAVE_STDDEF_H 1
#define HAVE_STDLIB_H 1
#define HAVE_STRING_H 1
#define HAVE_SYS_SOCKET_H 1
#define HAVE_SYS_TIME_H 1
#define HAVE_TIME_H 1
#define HAVE_UNISTD_H 1
#define HAVE_LIMITS_H 1
#define HAVE_IFADDRS_H 1
#define ZMQ_HAVE_IFADDRS 1
#define HAVE_SYS_UIO_H 1
#define ZMQ_HAVE_UIO 1
#define HAVE_SYS_EVENTFD_H 1
#define ZMQ_HAVE_EVENTFD 1
#define HAVE_STDBOOL_H 1
#define TIME_WITH_SYS_TIME 1
#define RETSIGTYPE void
#define HAVE_PERROR 1
#define HAVE_GETTIMEOFDAY 1
#define HAVE_CLOCK_GETTIME 1
#define HAVE_MEMSET 1
#define HAVE_SOCKET 1
#define HAVE_GETIFADDRS 1
#define HAVE_FREEIFADDRS 1
#define HAVE_ALLOCA_H 1
#define ZMQ_HAVE_SOCK_CLOEXEC 1
#define ZMQ_HAVE_SO_KEEPALIVE 1
#define ZMQ_HAVE_TCP_KEEPCNT 1
#define ZMQ_HAVE_TCP_KEEPIDLE 1
#define ZMQ_HAVE_TCP_KEEPINTVL 1

configure: exit 0
